<?xml version="1.0" encoding="UTF-8"?>
<!-- Generated by org.testng.reporters.JUnitReportReporter -->
<testsuite hostname="IN-CF1D5S3" failures="0" tests="3" name="tests.ScreenshotListner" time="0.000" errors="0" timestamp="2024-04-01T12:05:20 IST" skipped="3">
  <testcase classname="tests.ScreenshotListner" name="loginTest" time="0.000">
    <skipped/>
  </testcase> <!-- loginTest -->
  <system-out/>
  <testcase classname="tests.ScreenshotListner" name="amazonSearchTest" time="0.000">
    <skipped/>
  </testcase> <!-- amazonSearchTest -->
  <system-out/>
  <testcase classname="tests.ScreenshotListner" name="loginTest2" time="0.000">
    <skipped/>
  </testcase> <!-- loginTest2 -->
  <system-out/>
</testsuite> <!-- tests.ScreenshotListner -->
